processing:  0 None None 0 24
processing:  1 [ None 0 24
processing:  2 [ ( 0 24
processing:  3 [ { 0 24
processing:  4 [ ( 0 24
processing:  5 [ < 0 24
processing:  6 [ ( 0 24
processing:  7 [ ( 0 24
processing:  8 [ ) 0 24
processing:  9 [ ) 0 24
processing:  10 [ [ 0 24
processing:  11 [ ] 0 24
processing:  12 [ > 0 24
processing:  13 [ [ 0 24
processing:  14 [ [ 0 24
processing:  15 [ { 0 24
processing:  16 [ [ 0 24
processing:  17 [ ] 0 24
processing:  18 [ { 0 24
processing:  19 [ < 0 24
processing:  20 [ ( 0 24
processing:  21 [ ) 0 24
processing:  22 [ < 0 24
processing:  23 [ > 0 24
no closing
processing:  0 None None 1 24
processing:  1 ( None 1 24
processing:  2 ( { 1 24
processing:  3 ( ( 1 24
processing:  4 ( < 1 24
processing:  5 ( ( 1 24
processing:  6 ( ( 1 24
processing:  7 ( ) 1 24
processing:  8 ( ) 1 24
processing:  9 ( [ 1 24
processing:  10 ( ] 1 24
processing:  11 ( > 1 24
processing:  12 ( [ 1 24
processing:  13 ( [ 1 24
processing:  14 ( { 1 24
processing:  15 ( [ 1 24
processing:  16 ( ] 1 24
processing:  17 ( { 1 24
processing:  18 ( < 1 24
processing:  19 ( ( 1 24
processing:  20 ( ) 1 24
processing:  21 ( < 1 24
processing:  22 ( > 1 24
no closing
processing:  0 None None 2 23
processing:  1 { None 2 23
processing:  2 { ( 2 23
processing:  3 { < 2 23
processing:  4 { ( 2 23
processing:  5 { ( 2 23
processing:  6 { ) 2 23
processing:  7 { ) 2 23
processing:  8 { [ 2 23
processing:  9 { ] 2 23
processing:  10 { > 2 23
processing:  11 { [ 2 23
processing:  12 { [ 2 23
processing:  13 { { 2 23
processing:  14 { [ 2 23
processing:  15 { ] 2 23
processing:  16 { { 2 23
processing:  17 { < 2 23
processing:  18 { ( 2 23
processing:  19 { ) 2 23
processing:  20 { < 2 23
no closing
processing:  0 None None 3 21
processing:  1 ( None 3 21
processing:  2 ( < 3 21
processing:  3 ( ( 3 21
processing:  4 ( ( 3 21
processing:  5 ( ) 3 21
processing:  6 ( ) 3 21
processing:  7 ( [ 3 21
processing:  8 ( ] 3 21
processing:  9 ( > 3 21
processing:  10 ( [ 3 21
processing:  11 ( [ 3 21
processing:  12 ( { 3 21
processing:  13 ( [ 3 21
processing:  14 ( ] 3 21
processing:  15 ( { 3 21
processing:  16 ( < 3 21
processing:  17 ( ( 3 21
no closing
processing:  0 None None 4 18
processing:  1 < None 4 18
processing:  2 < ( 4 18
processing:  3 < ( 4 18
processing:  4 < ) 4 18
processing:  5 < ) 4 18
processing:  6 < [ 4 18
processing:  7 < ] 4 18
processing:  0 None None 5 7
processing:  1 ( None 5 7
no closing
no closing
no closing
no closing
no closing
no closing
no closing
no closing
no closing
no closing
no closing
no closing
no closing
no closing
no closing
no closing
no closing
no closing
no closing
no closing
no closing
no closing
no closing
no closing
no closing
no closing
no closing
no closing
no closing
no closing
no closing
no closing
no closing
no closing
no closing
no closing
no closing
no closing
no closing
no closing
no closing
no closing
no closing
no closing
no closing
no closing
no closing
no closing
no closing
no closing
no closing
no closing
no closing
no closing
no closing
no closing
no closing
no closing
no closing
no closing
no closing
no closing
no closing
no closing
no closing
no closing
no closing
no closing
no closing
no closing
no closing
no closing
no closing
no closing
no closing
no closing
no closing
no closing
no closing
no closing
no closing
no closing
no closing
no closing
no closing
no closing
no closing
no closing
no closing
no closing
no closing
no closing
no closing
no closing
no closing
no closing
no closing
no closing
no closing
no closing
no closing
no closing
no closing
no closing
no closing
no closing
no closing
no closing
no closing
no closing
no closing
no closing
no closing
no closing
no closing
no closing
no closing
no closing
no closing
no closing
no closing
no closing
no closing
no closing
no closing
no closing
no closing
no closing
no closing
no closing
no closing
no closing
no closing
no closing
no closing
no closing
no closing
no closing
no closing
no closing
no closing
no closing
no closing
no closing
no closing
no closing
no closing
no closing
no closing
no closing
no closing
no closing
no closing
no closing
no closing
no closing
no closing
no closing
no closing
no closing
no closing
no closing
no closing
no closing
no closing
no closing
no closing
no closing
no closing
no closing
no closing
no closing
no closing
no closing
no closing
no closing
no closing
no closing
no closing
no closing
no closing
no closing
no closing
no closing
no closing
no closing
no closing
no closing
no closing
no closing
no closing
no closing
no closing
no closing
no closing
no closing
no closing
no closing
no closing
no closing
no closing
no closing
no closing
no closing
no closing
no closing
no closing
no closing
no closing
no closing
no closing
no closing
no closing
no closing
no closing
no closing
no closing
no closing
no closing
no closing
no closing
no closing
no closing
no closing
no closing
no closing
no closing
no closing
no closing
no closing
no closing
no closing
no closing
no closing
no closing
no closing
no closing
no closing
no closing
no closing
no closing
no closing
no closing
no closing
no closing
no closing
no closing
no closing
no closing
no closing
no closing
no closing
no closing
no closing
no closing
no closing
no closing
no closing
no closing
no closing
no closing
no closing
no closing
no closing
no closing
no closing
no closing
no closing
no closing
no closing
no closing
no closing
no closing
no closing
no closing
no closing
no closing
no closing
no closing
no closing
no closing
no closing
no closing
no closing
no closing
no closing
no closing
no closing
no closing
no closing
no closing
no closing
no closing
no closing
no closing
no closing
no closing
no closing
no closing
no closing
no closing
no closing
no closing
no closing
no closing
no closing
no closing
no closing
no closing
no closing
no closing
no closing
no closing
no closing
no closing
no closing
no closing
no closing
no closing
no closing
no closing
no closing
no closing
no closing
no closing
no closing
no closing
no closing
no closing
no closing
no closing
no closing
no closing
no closing
no closing
no closing
no closing
no closing
no closing
no closing
no closing
no closing
no closing
no closing
no closing
no closing
no closing
no closing
no closing
no closing
no closing
no closing
no closing
no closing
no closing
no closing
no closing
no closing
no closing
no closing
no closing
no closing
no closing
no closing
no closing
no closing
no closing
no closing
no closing
no closing
no closing
no closing
no closing
no closing
no closing
no closing
no closing
no closing
no closing
no closing
no closing
no closing
no closing
no closing
no closing
no closing
no closing
no closing
no closing
no closing
no closing
no closing
no closing
no closing
no closing
no closing
no closing
no closing
no closing
no closing
no closing
no closing
no closing
no closing
no closing
no closing
no closing
no closing
no closing
no closing
no closing
no closing
no closing
no closing
no closing
no closing
no closing
no closing
no closing
no closing
no closing
no closing
no closing
no closing
no closing
no closing
no closing
no closing
no closing
no closing
no closing
no closing
no closing
no closing
no closing
no closing
no closing
no closing
no closing
no closing
no closing
no closing
no closing
no closing
no closing
no closing
no closing
no closing
no closing
no closing
no closing
no closing
no closing
no closing
no closing
no closing
no closing
no closing
no closing
no closing
no closing
no closing
no closing
no closing
no closing
no closing
no closing
no closing
no closing
no closing
no closing
no closing
no closing
no closing
no closing
no closing
no closing
no closing
no closing
no closing
no closing
no closing
no closing
no closing
no closing
no closing
no closing
no closing
no closing
no closing
no closing
no closing
no closing
no closing
no closing
no closing
no closing
no closing
no closing
no closing
no closing
no closing
no closing
no closing
no closing
no closing
no closing
no closing
no closing
no closing
no closing
no closing
no closing
no closing
no closing
no closing
no closing
no closing
no closing
no closing
no closing
no closing
no closing
no closing
no closing
no closing
no closing
no closing
no closing
no closing
no closing
no closing
no closing
no closing
no closing
no closing
no closing
no closing
no closing
no closing
no closing
no closing
no closing
no closing
no closing
no closing
no closing
no closing
no closing
no closing
no closing
no closing
no closing
no closing
no closing
no closing
no closing
no closing
no closing
no closing
no closing
no closing
no closing
no closing
no closing
no closing
no closing
no closing
no closing
no closing
no closing
no closing
no closing
no closing
no closing
no closing
no closing
no closing
no closing
no closing
no closing
no closing
no closing
no closing
no closing
no closing
no closing
no closing
no closing
no closing
no closing
no closing
no closing
no closing
no closing
no closing
no closing
no closing
no closing
no closing
no closing
no closing
no closing
no closing
no closing
no closing
no closing
no closing
no closing
no closing
no closing
no closing
no closing
no closing
no closing
no closing
no closing
no closing
no closing
no closing
no closing
no closing
no closing
no closing
no closing
no closing
no closing
no closing
no closing
no closing
no closing
no closing
no closing
no closing
no closing
no closing
no closing
no closing
no closing
no closing
no closing
no closing
no closing
no closing
no closing
no closing
no closing
no closing
no closing
no closing
no closing
no closing
no closing
no closing
no closing
no closing
no closing
no closing
no closing
no closing
no closing
no closing
no closing
no closing
no closing
no closing
no closing
no closing
no closing
no closing
no closing
no closing
no closing
no closing
no closing
no closing
no closing
no closing
no closing
no closing
no closing
no closing
no closing
no closing
no closing
no closing
no closing
no closing
no closing
no closing
no closing
no closing
no closing
no closing
no closing
no closing
no closing
no closing
no closing
no closing
no closing
no closing
no closing
no closing
no closing
no closing
no closing
no closing
no closing
no closing
no closing
no closing
no closing
no closing
no closing
no closing
no closing
no closing
no closing
no closing
no closing
no closing
no closing
no closing
no closing
no closing
no closing
no closing
no closing
no closing
no closing
no closing
no closing
no closing
no closing
no closing
no closing
no closing
no closing
no closing
no closing
no closing
no closing
no closing
no closing
no closing
no closing
no closing
no closing
no closing
no closing
no closing
no closing
no closing
no closing
no closing
no closing
no closing
no closing
no closing
no closing
no closing
no closing
no closing
no closing
no closing
no closing
no closing
no closing
no closing
no closing
no closing
no closing
no closing
no closing
no closing
no closing
no closing
no closing
no closing
no closing
no closing
no closing
no closing
no closing
no closing
no closing
no closing
no closing
no closing
no closing
no closing
no closing
no closing
no closing
no closing
no closing
no closing
no closing
no closing
no closing
no closing
no closing
no closing
no closing
no closing
no closing
no closing
no closing
no closing
no closing
no closing
no closing
no closing
no closing
no closing
no closing
no closing
no closing
no closing
no closing
no closing
no closing
no closing
no closing
no closing
no closing
no closing
no closing
no closing
no closing
no closing
no closing
no closing
no closing
no closing
no closing
no closing
no closing
no closing
no closing
no closing
no closing
no closing
no closing
no closing
no closing
no closing
no closing
no closing
no closing
no closing
no closing
no closing
no closing
no closing
no closing
no closing
no closing
no closing
no closing
no closing
no closing
no closing
no closing
no closing
no closing
no closing
no closing
no closing
no closing
no closing
no closing
no closing
no closing
no closing
no closing
no closing
no closing
no closing
no closing
no closing
no closing
no closing
no closing
no closing
no closing
no closing
no closing
no closing
no closing
no closing
no closing
no closing
no closing
no closing
no closing
no closing
no closing
no closing
no closing
no closing
no closing
no closing
no closing
no closing
no closing
no closing
no closing
no closing
no closing
no closing
no closing
no closing
no closing
no closing
no closing
no closing
no closing
no closing
no closing
no closing
no closing
no closing
no closing
no closing
no closing
no closing
no closing
no closing
no closing
no closing
no closing
no closing
no closing
no closing
no closing
no closing
no closing
no closing
no closing
no closing
no closing
no closing
no closing
no closing
no closing
no closing
no closing
no closing
no closing
no closing
no closing
no closing
no closing
no closing
no closing
no closing
no closing
no closing
no closing
no closing
no closing
no closing
no closing
no closing
no closing
no closing
no closing
no closing
no closing
no closing
no closing
no closing
no closing
no closing
no closing
no closing
no closing
no closing
no closing
no closing
no closing
no closing
no closing
no closing
no closing
no closing
no closing
